  Robot.cpp
C:\Users\breno\Documents\SoccerOpenRCJ\Software\OOP\Version 2\Soccer_Simulation_v2\Classes\Robot.cpp(347,65): warning C4244: 'argument': conversion from 'double' to 'int', possible loss of data
C:\Users\breno\Documents\SoccerOpenRCJ\Software\OOP\Version 2\Soccer_Simulation_v2\Classes\Robot.cpp(347,57): warning C4244: 'argument': conversion from 'double' to 'int', possible loss of data
C:\Users\breno\Documents\SoccerOpenRCJ\Software\OOP\Version 2\Soccer_Simulation_v2\Classes\Robot.cpp(349,50): warning C4244: 'argument': conversion from 'double' to 'int', possible loss of data
C:\Users\breno\Documents\SoccerOpenRCJ\Software\OOP\Version 2\Soccer_Simulation_v2\Classes\Robot.cpp(349,42): warning C4244: 'argument': conversion from 'double' to 'int', possible loss of data
C:\Users\breno\Documents\SoccerOpenRCJ\Software\OOP\Version 2\Soccer_Simulation_v2\Classes\Robot.cpp(351,63): warning C4244: 'argument': conversion from 'double' to 'int', possible loss of data
C:\Users\breno\Documents\SoccerOpenRCJ\Software\OOP\Version 2\Soccer_Simulation_v2\Classes\Robot.cpp(351,55): warning C4244: 'argument': conversion from 'double' to 'int', possible loss of data
C:\Users\breno\Documents\SoccerOpenRCJ\Software\OOP\Version 2\Soccer_Simulation_v2\Classes\Robot.cpp(352,19): warning C4244: '=': conversion from 'float' to 'int', possible loss of data
C:\Users\breno\Documents\SoccerOpenRCJ\Software\OOP\Version 2\Soccer_Simulation_v2\Classes\Robot.cpp(360,24): warning C4244: 'argument': conversion from 'double' to 'int', possible loss of data
C:\Users\breno\Documents\SoccerOpenRCJ\Software\OOP\Version 2\Soccer_Simulation_v2\Classes\Robot.cpp(360,16): warning C4244: 'argument': conversion from 'double' to 'int', possible loss of data
C:\Users\breno\Documents\SoccerOpenRCJ\Software\OOP\Version 2\Soccer_Simulation_v2\Classes\Robot.cpp(376,21): warning C4244: 'initializing': conversion from 'double' to 'float', possible loss of data
C:\Users\breno\Documents\SoccerOpenRCJ\Software\OOP\Version 2\Soccer_Simulation_v2\Classes\Robot.cpp(379,20): warning C4244: 'initializing': conversion from 'double' to 'float', possible loss of data
C:\Users\breno\Documents\SoccerOpenRCJ\Software\OOP\Version 2\Soccer_Simulation_v2\Classes\Robot.cpp(386,28): warning C4244: 'initializing': conversion from 'int' to 'float', possible loss of data
C:\Users\breno\Documents\SoccerOpenRCJ\Software\OOP\Version 2\Soccer_Simulation_v2\Classes\Robot.cpp(393,28): warning C4244: '=': conversion from 'double' to 'float', possible loss of data
C:\Users\breno\Documents\SoccerOpenRCJ\Software\OOP\Version 2\Soccer_Simulation_v2\Classes\Robot.cpp(517,23): warning C4244: 'initializing': conversion from 'double' to 'float', possible loss of data
C:\Users\breno\Documents\SoccerOpenRCJ\Software\OOP\Version 2\Soccer_Simulation_v2\Classes\Robot.cpp(519,20): warning C4244: 'initializing': conversion from 'double' to 'float', possible loss of data
C:\Users\breno\Documents\SoccerOpenRCJ\Software\OOP\Version 2\Soccer_Simulation_v2\Classes\Robot.cpp(520,19): warning C4244: 'initializing': conversion from 'double' to 'float', possible loss of data
C:\Users\breno\Documents\SoccerOpenRCJ\Software\OOP\Version 2\Soccer_Simulation_v2\Classes\Robot.cpp(598,16): warning C4244: 'argument': conversion from 'double' to 'int', possible loss of data
C:\Users\breno\Documents\SoccerOpenRCJ\Software\OOP\Version 2\Soccer_Simulation_v2\Classes\Robot.cpp(599,14): warning C4244: '=': conversion from 'double' to 'float', possible loss of data
C:\Users\breno\Documents\SoccerOpenRCJ\Software\OOP\Version 2\Soccer_Simulation_v2\Classes\Robot.cpp(603,16): warning C4244: 'argument': conversion from 'float' to 'int', possible loss of data
C:\Users\breno\Documents\SoccerOpenRCJ\Software\OOP\Version 2\Soccer_Simulation_v2\Classes\Robot.cpp(636,21): warning C4244: 'initializing': conversion from 'double' to 'float', possible loss of data
C:\Users\breno\Documents\SoccerOpenRCJ\Software\OOP\Version 2\Soccer_Simulation_v2\Classes\Robot.cpp(666,20): warning C4244: 'initializing': conversion from 'double' to 'float', possible loss of data
C:\Users\breno\Documents\SoccerOpenRCJ\Software\OOP\Version 2\Soccer_Simulation_v2\Classes\Robot.cpp(722,22): warning C4244: '=': conversion from 'double' to 'float', possible loss of data
C:\Users\breno\Documents\SoccerOpenRCJ\Software\OOP\Version 2\Soccer_Simulation_v2\Classes\Robot.cpp(735,19): warning C4244: '=': conversion from 'double' to 'float', possible loss of data
C:\Users\breno\Documents\SoccerOpenRCJ\Software\OOP\Version 2\Soccer_Simulation_v2\Classes\Robot.cpp(737,19): warning C4244: '=': conversion from 'double' to 'float', possible loss of data
C:\Users\breno\Documents\SoccerOpenRCJ\Software\OOP\Version 2\Soccer_Simulation_v2\Classes\Robot.cpp(751,35): warning C4244: 'argument': conversion from 'double' to 'int', possible loss of data
C:\Users\breno\Documents\SoccerOpenRCJ\Software\OOP\Version 2\Soccer_Simulation_v2\Classes\Robot.cpp(752,35): warning C4244: 'argument': conversion from 'double' to 'int', possible loss of data
C:\Users\breno\Documents\SoccerOpenRCJ\Software\OOP\Version 2\Soccer_Simulation_v2\Classes\Robot.cpp(756,35): warning C4244: 'argument': conversion from 'double' to 'int', possible loss of data
C:\Users\breno\Documents\SoccerOpenRCJ\Software\OOP\Version 2\Soccer_Simulation_v2\Classes\Robot.cpp(757,35): warning C4244: 'argument': conversion from 'double' to 'int', possible loss of data
C:\Users\breno\Documents\SoccerOpenRCJ\Software\OOP\Version 2\Soccer_Simulation_v2\Classes\Robot.cpp(761,36): warning C4244: 'argument': conversion from 'double' to 'int', possible loss of data
C:\Users\breno\Documents\SoccerOpenRCJ\Software\OOP\Version 2\Soccer_Simulation_v2\Classes\Robot.cpp(762,36): warning C4244: 'argument': conversion from 'double' to 'int', possible loss of data
C:\Users\breno\Documents\SoccerOpenRCJ\Software\OOP\Version 2\Soccer_Simulation_v2\Classes\Robot.cpp(766,36): warning C4244: 'argument': conversion from 'double' to 'int', possible loss of data
C:\Users\breno\Documents\SoccerOpenRCJ\Software\OOP\Version 2\Soccer_Simulation_v2\Classes\Robot.cpp(767,36): warning C4244: 'argument': conversion from 'double' to 'int', possible loss of data
C:\Users\breno\Documents\SoccerOpenRCJ\Software\OOP\Version 2\Soccer_Simulation_v2\Classes\Robot.cpp(774,35): warning C4244: 'argument': conversion from 'double' to 'int', possible loss of data
C:\Users\breno\Documents\SoccerOpenRCJ\Software\OOP\Version 2\Soccer_Simulation_v2\Classes\Robot.cpp(775,35): warning C4244: 'argument': conversion from 'double' to 'int', possible loss of data
C:\Users\breno\Documents\SoccerOpenRCJ\Software\OOP\Version 2\Soccer_Simulation_v2\Classes\Robot.cpp(779,35): warning C4244: 'argument': conversion from 'double' to 'int', possible loss of data
C:\Users\breno\Documents\SoccerOpenRCJ\Software\OOP\Version 2\Soccer_Simulation_v2\Classes\Robot.cpp(780,35): warning C4244: 'argument': conversion from 'double' to 'int', possible loss of data
C:\Users\breno\Documents\SoccerOpenRCJ\Software\OOP\Version 2\Soccer_Simulation_v2\Classes\Robot.cpp(784,36): warning C4244: 'argument': conversion from 'double' to 'int', possible loss of data
C:\Users\breno\Documents\SoccerOpenRCJ\Software\OOP\Version 2\Soccer_Simulation_v2\Classes\Robot.cpp(785,36): warning C4244: 'argument': conversion from 'double' to 'int', possible loss of data
C:\Users\breno\Documents\SoccerOpenRCJ\Software\OOP\Version 2\Soccer_Simulation_v2\Classes\Robot.cpp(789,36): warning C4244: 'argument': conversion from 'double' to 'int', possible loss of data
C:\Users\breno\Documents\SoccerOpenRCJ\Software\OOP\Version 2\Soccer_Simulation_v2\Classes\Robot.cpp(790,36): warning C4244: 'argument': conversion from 'double' to 'int', possible loss of data
C:\Users\breno\Documents\SoccerOpenRCJ\Software\OOP\Version 2\Soccer_Simulation_v2\Classes\Robot.cpp(814,35): warning C4244: 'argument': conversion from 'float' to 'int', possible loss of data
C:\Users\breno\Documents\SoccerOpenRCJ\Software\OOP\Version 2\Soccer_Simulation_v2\Classes\Robot.cpp(815,31): warning C4244: 'argument': conversion from 'float' to 'int', possible loss of data
C:\Users\breno\Documents\SoccerOpenRCJ\Software\OOP\Version 2\Soccer_Simulation_v2\Classes\Robot.cpp(817,31): warning C4244: 'argument': conversion from 'float' to 'int', possible loss of data
C:\Users\breno\Documents\SoccerOpenRCJ\Software\OOP\Version 2\Soccer_Simulation_v2\Classes\Robot.cpp(818,35): warning C4244: 'argument': conversion from 'float' to 'int', possible loss of data
C:\Users\breno\Documents\SoccerOpenRCJ\Software\OOP\Version 2\Soccer_Simulation_v2\Classes\Robot.cpp(845,31): warning C4244: 'argument': conversion from 'float' to 'int', possible loss of data
C:\Users\breno\Documents\SoccerOpenRCJ\Software\OOP\Version 2\Soccer_Simulation_v2\Classes\Robot.cpp(846,35): warning C4244: 'argument': conversion from 'float' to 'int', possible loss of data
C:\Users\breno\Documents\SoccerOpenRCJ\Software\OOP\Version 2\Soccer_Simulation_v2\Classes\Robot.cpp(848,35): warning C4244: 'argument': conversion from 'float' to 'int', possible loss of data
C:\Users\breno\Documents\SoccerOpenRCJ\Software\OOP\Version 2\Soccer_Simulation_v2\Classes\Robot.cpp(849,31): warning C4244: 'argument': conversion from 'float' to 'int', possible loss of data
C:\Users\breno\Documents\SoccerOpenRCJ\Software\OOP\Version 2\Soccer_Simulation_v2\Classes\Robot.cpp(869,24): warning C4244: '=': conversion from 'float' to 'int', possible loss of data
C:\Users\breno\Documents\SoccerOpenRCJ\Software\OOP\Version 2\Soccer_Simulation_v2\Classes\Robot.cpp(870,18): warning C4244: '=': conversion from 'float' to 'int', possible loss of data
C:\Users\breno\Documents\SoccerOpenRCJ\Software\OOP\Version 2\Soccer_Simulation_v2\Classes\Robot.cpp(872,21): warning C4244: 'argument': conversion from 'double' to 'float', possible loss of data
C:\Users\breno\Documents\SoccerOpenRCJ\Software\OOP\Version 2\Soccer_Simulation_v2\Classes\Robot.cpp(689,7): warning C4101: 'RealNumberMotor': unreferenced local variable
C:\Users\breno\Documents\SoccerOpenRCJ\Software\OOP\Version 2\Soccer_Simulation_v2\Classes\Robot.cpp(884,17): warning C4244: 'initializing': conversion from 'float' to 'int', possible loss of data
C:\Users\breno\Documents\SoccerOpenRCJ\Software\OOP\Version 2\Soccer_Simulation_v2\Classes\Robot.cpp(892,23): warning C4244: 'argument': conversion from 'int' to 'float', possible loss of data
C:\Users\breno\Documents\SoccerOpenRCJ\Software\OOP\Version 2\Soccer_Simulation_v2\Classes\Robot.cpp(892,15): warning C4244: 'argument': conversion from 'int' to 'float', possible loss of data
C:\Users\breno\Documents\SoccerOpenRCJ\Software\OOP\Version 2\Soccer_Simulation_v2\Classes\Robot.cpp(892,47): warning C4244: 'argument': conversion from 'int' to 'float', possible loss of data
C:\Users\breno\Documents\SoccerOpenRCJ\Software\OOP\Version 2\Soccer_Simulation_v2\Classes\Robot.cpp(892,39): warning C4244: 'argument': conversion from 'int' to 'float', possible loss of data
C:\Users\breno\Documents\SoccerOpenRCJ\Software\OOP\Version 2\Soccer_Simulation_v2\Classes\Robot.cpp(893,21): warning C4244: 'initializing': conversion from 'float' to 'int', possible loss of data
C:\Users\breno\Documents\SoccerOpenRCJ\Software\OOP\Version 2\Soccer_Simulation_v2\Classes\Robot.cpp(894,31): warning C4244: 'argument': conversion from 'int' to 'float', possible loss of data
C:\Users\breno\Documents\SoccerOpenRCJ\Software\OOP\Version 2\Soccer_Simulation_v2\Classes\Robot.cpp(911,25): warning C4244: 'argument': conversion from 'int' to 'float', possible loss of data
C:\Users\breno\Documents\SoccerOpenRCJ\Software\OOP\Version 2\Soccer_Simulation_v2\Classes\Robot.cpp(911,17): warning C4244: 'argument': conversion from 'int' to 'float', possible loss of data
C:\Users\breno\Documents\SoccerOpenRCJ\Software\OOP\Version 2\Soccer_Simulation_v2\Classes\Robot.cpp(911,54): warning C4244: 'argument': conversion from 'int' to 'float', possible loss of data
C:\Users\breno\Documents\SoccerOpenRCJ\Software\OOP\Version 2\Soccer_Simulation_v2\Classes\Robot.cpp(911,46): warning C4244: 'argument': conversion from 'int' to 'float', possible loss of data
C:\Users\breno\Documents\SoccerOpenRCJ\Software\OOP\Version 2\Soccer_Simulation_v2\Classes\Robot.cpp(970,39): warning C4267: '=': conversion from 'size_t' to 'int', possible loss of data
C:\Users\breno\Documents\SoccerOpenRCJ\Software\OOP\Version 2\Soccer_Simulation_v2\Classes\Robot.cpp(989,28): warning C4244: 'initializing': conversion from 'double' to 'float', possible loss of data
C:\Users\breno\Documents\SoccerOpenRCJ\Software\OOP\Version 2\Soccer_Simulation_v2\Classes\Robot.cpp(1009,28): warning C4244: 'initializing': conversion from 'double' to 'float', possible loss of data
C:\Users\breno\Documents\SoccerOpenRCJ\Software\OOP\Version 2\Soccer_Simulation_v2\Classes\Robot.cpp(1035,33): warning C4244: '=': conversion from 'float' to 'int', possible loss of data
C:\Users\breno\Documents\SoccerOpenRCJ\Software\OOP\Version 2\Soccer_Simulation_v2\Classes\Robot.cpp(1037,36): warning C4244: '=': conversion from 'float' to 'int', possible loss of data
C:\Users\breno\Documents\SoccerOpenRCJ\Software\OOP\Version 2\Soccer_Simulation_v2\Classes\Robot.cpp(1040,33): warning C4244: '=': conversion from 'float' to 'int', possible loss of data
C:\Users\breno\Documents\SoccerOpenRCJ\Software\OOP\Version 2\Soccer_Simulation_v2\Classes\Robot.cpp(1042,36): warning C4244: '=': conversion from 'float' to 'int', possible loss of data
C:\Users\breno\Documents\SoccerOpenRCJ\Software\OOP\Version 2\Soccer_Simulation_v2\Classes\Robot.cpp(1046,35): warning C4244: '=': conversion from 'float' to 'int', possible loss of data
C:\Users\breno\Documents\SoccerOpenRCJ\Software\OOP\Version 2\Soccer_Simulation_v2\Classes\Robot.cpp(1050,35): warning C4244: '=': conversion from 'float' to 'int', possible loss of data
C:\Users\breno\Documents\SoccerOpenRCJ\Software\OOP\Version 2\Soccer_Simulation_v2\Classes\Robot.cpp(1088,34): warning C4244: '=': conversion from 'float' to 'int', possible loss of data
C:\Users\breno\Documents\SoccerOpenRCJ\Software\OOP\Version 2\Soccer_Simulation_v2\Classes\Robot.cpp(1094,34): warning C4244: '=': conversion from 'float' to 'int', possible loss of data
C:\Users\breno\Documents\SoccerOpenRCJ\Software\OOP\Version 2\Soccer_Simulation_v2\Classes\Robot.cpp(1131,18): warning C4244: 'initializing': conversion from 'int' to 'float', possible loss of data
C:\Users\breno\Documents\SoccerOpenRCJ\Software\OOP\Version 2\Soccer_Simulation_v2\Classes\Robot.cpp(1132,18): warning C4244: 'initializing': conversion from 'int' to 'float', possible loss of data
C:\Users\breno\Documents\SoccerOpenRCJ\Software\OOP\Version 2\Soccer_Simulation_v2\Classes\Robot.cpp(1134,18): warning C4244: 'initializing': conversion from 'float' to 'int', possible loss of data
C:\Users\breno\Documents\SoccerOpenRCJ\Software\OOP\Version 2\Soccer_Simulation_v2\Classes\Robot.cpp(1136,17): warning C4244: 'initializing': conversion from 'float' to 'int', possible loss of data
C:\Users\breno\Documents\SoccerOpenRCJ\Software\OOP\Version 2\Soccer_Simulation_v2\Classes\Robot.cpp(1194,49): warning C4244: 'argument': conversion from 'float' to 'int', possible loss of data
C:\Users\breno\Documents\SoccerOpenRCJ\Software\OOP\Version 2\Soccer_Simulation_v2\Classes\Robot.cpp(1194,45): warning C4244: 'argument': conversion from 'float' to 'int', possible loss of data
C:\Users\breno\Documents\SoccerOpenRCJ\Software\OOP\Version 2\Soccer_Simulation_v2\Classes\Robot.cpp(1194,41): warning C4244: 'argument': conversion from 'float' to 'int', possible loss of data
C:\Users\breno\Documents\SoccerOpenRCJ\Software\OOP\Version 2\Soccer_Simulation_v2\Classes\Robot.cpp(1194,37): warning C4244: 'argument': conversion from 'float' to 'int', possible loss of data
C:\Users\breno\Documents\SoccerOpenRCJ\Software\OOP\Version 2\Soccer_Simulation_v2\Classes\Robot.cpp(1196,17): warning C4244: 'initializing': conversion from 'double' to 'float', possible loss of data
C:\Users\breno\Documents\SoccerOpenRCJ\Software\OOP\Version 2\Soccer_Simulation_v2\Classes\Robot.cpp(1197,17): warning C4244: 'initializing': conversion from 'double' to 'float', possible loss of data
C:\Users\breno\Documents\SoccerOpenRCJ\Software\OOP\Version 2\Soccer_Simulation_v2\Classes\Robot.cpp(1198,17): warning C4244: 'initializing': conversion from 'double' to 'float', possible loss of data
C:\Users\breno\Documents\SoccerOpenRCJ\Software\OOP\Version 2\Soccer_Simulation_v2\Classes\Robot.cpp(1213,20): warning C4244: 'initializing': conversion from 'double' to 'float', possible loss of data
C:\Users\breno\Documents\SoccerOpenRCJ\Software\OOP\Version 2\Soccer_Simulation_v2\Classes\Robot.cpp(1214,20): warning C4244: 'initializing': conversion from 'double' to 'float', possible loss of data
C:\Users\breno\Documents\SoccerOpenRCJ\Software\OOP\Version 2\Soccer_Simulation_v2\Classes\Robot.cpp(1224,20): warning C4244: 'initializing': conversion from 'double' to 'float', possible loss of data
C:\Users\breno\Documents\SoccerOpenRCJ\Software\OOP\Version 2\Soccer_Simulation_v2\Classes\Robot.cpp(1225,20): warning C4244: 'initializing': conversion from 'double' to 'float', possible loss of data
C:\Users\breno\Documents\SoccerOpenRCJ\Software\OOP\Version 2\Soccer_Simulation_v2\Classes\Robot.cpp(1297,20): warning C4244: 'argument': conversion from 'int' to 'float', possible loss of data
C:\Users\breno\Documents\SoccerOpenRCJ\Software\OOP\Version 2\Soccer_Simulation_v2\Classes\Robot.cpp(1302,20): warning C4244: 'argument': conversion from 'int' to 'float', possible loss of data
C:\Users\breno\Documents\SoccerOpenRCJ\Software\OOP\Version 2\Soccer_Simulation_v2\Classes\Robot.cpp(1307,20): warning C4244: 'argument': conversion from 'int' to 'float', possible loss of data
C:\Users\breno\Documents\SoccerOpenRCJ\Software\OOP\Version 2\Soccer_Simulation_v2\Classes\Robot.cpp(1312,20): warning C4244: 'argument': conversion from 'int' to 'float', possible loss of data
C:\Users\breno\Documents\SoccerOpenRCJ\Software\OOP\Version 2\Soccer_Simulation_v2\Classes\Robot.cpp(1322,28): warning C4244: 'argument': conversion from 'double' to 'float', possible loss of data
C:\Users\breno\Documents\SoccerOpenRCJ\Software\OOP\Version 2\Soccer_Simulation_v2\Classes\Robot.cpp(1380,22): warning C4244: 'initializing': conversion from 'double' to 'float', possible loss of data
C:\Users\breno\Documents\SoccerOpenRCJ\Software\OOP\Version 2\Soccer_Simulation_v2\Classes\Robot.cpp(1385,18): warning C4244: 'initializing': conversion from 'double' to 'float', possible loss of data
C:\Users\breno\Documents\SoccerOpenRCJ\Software\OOP\Version 2\Soccer_Simulation_v2\Classes\Robot.cpp(1395,26): warning C4244: 'initializing': conversion from 'double' to 'float', possible loss of data
C:\Users\breno\Documents\SoccerOpenRCJ\Software\OOP\Version 2\Soccer_Simulation_v2\Classes\Robot.cpp(1411,9): warning C4244: '=': conversion from 'double' to 'float', possible loss of data
C:\Users\breno\Documents\SoccerOpenRCJ\Software\OOP\Version 2\Soccer_Simulation_v2\Classes\Robot.cpp(1318,6): warning C4101: 'realAngle180': unreferenced local variable
C:\Users\breno\Documents\SoccerOpenRCJ\Software\OOP\Version 2\Soccer_Simulation_v2\Classes\Robot.cpp(1486,40): warning C4305: 'initializing': truncation from 'double' to 'float'
C:\Users\breno\Documents\SoccerOpenRCJ\Software\OOP\Version 2\Soccer_Simulation_v2\Classes\Robot.cpp(1516,17): warning C4244: 'initializing': conversion from 'double' to 'float', possible loss of data
C:\Users\breno\Documents\SoccerOpenRCJ\Software\OOP\Version 2\Soccer_Simulation_v2\Classes\Robot.cpp(1520,52): warning C4244: '+=': conversion from 'float' to 'int', possible loss of data
C:\Users\breno\Documents\SoccerOpenRCJ\Software\OOP\Version 2\Soccer_Simulation_v2\Classes\Robot.cpp(1623,21): warning C4244: 'initializing': conversion from 'double' to 'float', possible loss of data
C:\Users\breno\Documents\SoccerOpenRCJ\Software\OOP\Version 2\Soccer_Simulation_v2\Classes\Robot.cpp(1596,7): warning C4101: 'relativeNumberSonar': unreferenced local variable
C:\Users\breno\Documents\SoccerOpenRCJ\Software\OOP\Version 2\Soccer_Simulation_v2\Classes\Robot.cpp(1655,35): warning C4244: '=': conversion from 'double' to 'int', possible loss of data
C:\Users\breno\Documents\SoccerOpenRCJ\Software\OOP\Version 2\Soccer_Simulation_v2\Classes\Robot.cpp(1657,41): warning C4244: '=': conversion from 'double' to 'int', possible loss of data
C:\Users\breno\Documents\SoccerOpenRCJ\Software\OOP\Version 2\Soccer_Simulation_v2\Classes\Robot.cpp(1659,34): warning C4244: '=': conversion from 'double' to 'int', possible loss of data
C:\Users\breno\Documents\SoccerOpenRCJ\Software\OOP\Version 2\Soccer_Simulation_v2\Classes\Robot.cpp(1661,34): warning C4244: '=': conversion from 'double' to 'int', possible loss of data
C:\Users\breno\Documents\SoccerOpenRCJ\Software\OOP\Version 2\Soccer_Simulation_v2\Classes\Robot.cpp(1664,35): warning C4244: '=': conversion from 'double' to 'int', possible loss of data
C:\Users\breno\Documents\SoccerOpenRCJ\Software\OOP\Version 2\Soccer_Simulation_v2\Classes\Robot.cpp(1666,36): warning C4244: '=': conversion from 'double' to 'int', possible loss of data
C:\Users\breno\Documents\SoccerOpenRCJ\Software\OOP\Version 2\Soccer_Simulation_v2\Classes\Robot.cpp(1668,35): warning C4244: '=': conversion from 'double' to 'int', possible loss of data
C:\Users\breno\Documents\SoccerOpenRCJ\Software\OOP\Version 2\Soccer_Simulation_v2\Classes\Robot.cpp(1670,35): warning C4244: '=': conversion from 'double' to 'int', possible loss of data
C:\Users\breno\Documents\SoccerOpenRCJ\Software\OOP\Version 2\Soccer_Simulation_v2\Classes\Robot.cpp(1673,35): warning C4244: '=': conversion from 'double' to 'int', possible loss of data
C:\Users\breno\Documents\SoccerOpenRCJ\Software\OOP\Version 2\Soccer_Simulation_v2\Classes\Robot.cpp(1675,41): warning C4244: '=': conversion from 'double' to 'int', possible loss of data
C:\Users\breno\Documents\SoccerOpenRCJ\Software\OOP\Version 2\Soccer_Simulation_v2\Classes\Robot.cpp(1677,41): warning C4244: '=': conversion from 'double' to 'int', possible loss of data
C:\Users\breno\Documents\SoccerOpenRCJ\Software\OOP\Version 2\Soccer_Simulation_v2\Classes\Robot.cpp(1679,41): warning C4244: '=': conversion from 'double' to 'int', possible loss of data
C:\Users\breno\Documents\SoccerOpenRCJ\Software\OOP\Version 2\Soccer_Simulation_v2\Classes\Robot.cpp(1682,43): warning C4244: '=': conversion from 'double' to 'int', possible loss of data
C:\Users\breno\Documents\SoccerOpenRCJ\Software\OOP\Version 2\Soccer_Simulation_v2\Classes\Robot.cpp(1684,43): warning C4244: '=': conversion from 'double' to 'int', possible loss of data
C:\Users\breno\Documents\SoccerOpenRCJ\Software\OOP\Version 2\Soccer_Simulation_v2\Classes\Robot.cpp(1686,44): warning C4244: '=': conversion from 'double' to 'int', possible loss of data
C:\Users\breno\Documents\SoccerOpenRCJ\Software\OOP\Version 2\Soccer_Simulation_v2\Classes\Robot.cpp(1688,44): warning C4244: '=': conversion from 'double' to 'int', possible loss of data
C:\Users\breno\Documents\SoccerOpenRCJ\Software\OOP\Version 2\Soccer_Simulation_v2\Classes\Robot.cpp(1694,35): warning C4244: '=': conversion from 'double' to 'int', possible loss of data
C:\Users\breno\Documents\SoccerOpenRCJ\Software\OOP\Version 2\Soccer_Simulation_v2\Classes\Robot.cpp(1696,35): warning C4244: '=': conversion from 'double' to 'int', possible loss of data
C:\Users\breno\Documents\SoccerOpenRCJ\Software\OOP\Version 2\Soccer_Simulation_v2\Classes\Robot.cpp(1698,34): warning C4244: '=': conversion from 'double' to 'int', possible loss of data
C:\Users\breno\Documents\SoccerOpenRCJ\Software\OOP\Version 2\Soccer_Simulation_v2\Classes\Robot.cpp(1700,34): warning C4244: '=': conversion from 'double' to 'int', possible loss of data
C:\Users\breno\Documents\SoccerOpenRCJ\Software\OOP\Version 2\Soccer_Simulation_v2\Classes\Robot.cpp(1703,35): warning C4244: '=': conversion from 'double' to 'int', possible loss of data
C:\Users\breno\Documents\SoccerOpenRCJ\Software\OOP\Version 2\Soccer_Simulation_v2\Classes\Robot.cpp(1705,24): warning C4244: '=': conversion from 'double' to 'int', possible loss of data
C:\Users\breno\Documents\SoccerOpenRCJ\Software\OOP\Version 2\Soccer_Simulation_v2\Classes\Robot.cpp(1707,23): warning C4244: '=': conversion from 'double' to 'int', possible loss of data
C:\Users\breno\Documents\SoccerOpenRCJ\Software\OOP\Version 2\Soccer_Simulation_v2\Classes\Robot.cpp(1709,23): warning C4244: '=': conversion from 'double' to 'int', possible loss of data
C:\Users\breno\Documents\SoccerOpenRCJ\Software\OOP\Version 2\Soccer_Simulation_v2\Classes\Robot.cpp(1712,40): warning C4244: '=': conversion from 'double' to 'int', possible loss of data
C:\Users\breno\Documents\SoccerOpenRCJ\Software\OOP\Version 2\Soccer_Simulation_v2\Classes\Robot.cpp(1714,41): warning C4244: '=': conversion from 'double' to 'int', possible loss of data
C:\Users\breno\Documents\SoccerOpenRCJ\Software\OOP\Version 2\Soccer_Simulation_v2\Classes\Robot.cpp(1716,41): warning C4244: '=': conversion from 'double' to 'int', possible loss of data
C:\Users\breno\Documents\SoccerOpenRCJ\Software\OOP\Version 2\Soccer_Simulation_v2\Classes\Robot.cpp(1718,41): warning C4244: '=': conversion from 'double' to 'int', possible loss of data
C:\Users\breno\Documents\SoccerOpenRCJ\Software\OOP\Version 2\Soccer_Simulation_v2\Classes\Robot.cpp(1721,43): warning C4244: '=': conversion from 'double' to 'int', possible loss of data
C:\Users\breno\Documents\SoccerOpenRCJ\Software\OOP\Version 2\Soccer_Simulation_v2\Classes\Robot.cpp(1723,37): warning C4244: '=': conversion from 'double' to 'int', possible loss of data
C:\Users\breno\Documents\SoccerOpenRCJ\Software\OOP\Version 2\Soccer_Simulation_v2\Classes\Robot.cpp(1725,38): warning C4244: '=': conversion from 'double' to 'int', possible loss of data
C:\Users\breno\Documents\SoccerOpenRCJ\Software\OOP\Version 2\Soccer_Simulation_v2\Classes\Robot.cpp(1727,38): warning C4244: '=': conversion from 'double' to 'int', possible loss of data
C:\Users\breno\Documents\SoccerOpenRCJ\Software\OOP\Version 2\Soccer_Simulation_v2\Classes\Robot.cpp(1743,16): warning C4244: 'argument': conversion from 'float' to 'int', possible loss of data
C:\Users\breno\Documents\SoccerOpenRCJ\Software\OOP\Version 2\Soccer_Simulation_v2\Classes\Robot.cpp(1744,19): warning C4244: 'argument': conversion from 'double' to 'int', possible loss of data
C:\Users\breno\Documents\SoccerOpenRCJ\Software\OOP\Version 2\Soccer_Simulation_v2\Classes\Robot.cpp(1747,16): warning C4244: 'argument': conversion from 'float' to 'int', possible loss of data
C:\Users\breno\Documents\SoccerOpenRCJ\Software\OOP\Version 2\Soccer_Simulation_v2\Classes\Robot.cpp(1748,19): warning C4244: 'argument': conversion from 'double' to 'int', possible loss of data
C:\Users\breno\Documents\SoccerOpenRCJ\Software\OOP\Version 2\Soccer_Simulation_v2\Classes\Robot.cpp(1815,51): warning C4244: 'argument': conversion from 'int' to 'float', possible loss of data
C:\Users\breno\Documents\SoccerOpenRCJ\Software\OOP\Version 2\Soccer_Simulation_v2\Classes\Robot.cpp(1815,32): warning C4244: 'argument': conversion from 'int' to 'float', possible loss of data
C:\Users\breno\Documents\SoccerOpenRCJ\Software\OOP\Version 2\Soccer_Simulation_v2\Classes\Robot.cpp(1815,114): warning C4244: 'argument': conversion from 'int' to 'float', possible loss of data
C:\Users\breno\Documents\SoccerOpenRCJ\Software\OOP\Version 2\Soccer_Simulation_v2\Classes\Robot.cpp(1815,95): warning C4244: 'argument': conversion from 'int' to 'float', possible loss of data
C:\Users\breno\Documents\SoccerOpenRCJ\Software\OOP\Version 2\Soccer_Simulation_v2\Classes\Robot.cpp(1815,83): warning C4244: 'argument': conversion from 'int' to 'float', possible loss of data
C:\Users\breno\Documents\SoccerOpenRCJ\Software\OOP\Version 2\Soccer_Simulation_v2\Classes\Robot.cpp(1828,51): warning C4244: 'argument': conversion from 'int' to 'float', possible loss of data
C:\Users\breno\Documents\SoccerOpenRCJ\Software\OOP\Version 2\Soccer_Simulation_v2\Classes\Robot.cpp(1828,32): warning C4244: 'argument': conversion from 'int' to 'float', possible loss of data
C:\Users\breno\Documents\SoccerOpenRCJ\Software\OOP\Version 2\Soccer_Simulation_v2\Classes\Robot.cpp(1906,39): warning C4244: 'argument': conversion from 'int' to 'float', possible loss of data
C:\Users\breno\Documents\SoccerOpenRCJ\Software\OOP\Version 2\Soccer_Simulation_v2\Classes\Robot.cpp(1906,35): warning C4244: 'argument': conversion from 'int' to 'float', possible loss of data
C:\Users\breno\Documents\SoccerOpenRCJ\Software\OOP\Version 2\Soccer_Simulation_v2\Classes\Robot.cpp(1906,15): warning C4244: 'argument': conversion from 'int' to 'float', possible loss of data
C:\Users\breno\Documents\SoccerOpenRCJ\Software\OOP\Version 2\Soccer_Simulation_v2\Classes\Robot.cpp(2087,61): warning C4244: 'argument': conversion from 'int' to 'float', possible loss of data
C:\Users\breno\Documents\SoccerOpenRCJ\Software\OOP\Version 2\Soccer_Simulation_v2\Classes\Robot.cpp(2087,30): warning C4244: 'argument': conversion from 'int' to 'float', possible loss of data
C:\Users\breno\Documents\SoccerOpenRCJ\Software\OOP\Version 2\Soccer_Simulation_v2\Classes\Robot.cpp(2122,61): warning C4244: 'argument': conversion from 'int' to 'float', possible loss of data
C:\Users\breno\Documents\SoccerOpenRCJ\Software\OOP\Version 2\Soccer_Simulation_v2\Classes\Robot.cpp(2122,30): warning C4244: 'argument': conversion from 'int' to 'float', possible loss of data
C:\Users\breno\Documents\SoccerOpenRCJ\Software\OOP\Version 2\Soccer_Simulation_v2\Classes\Robot.cpp(2130,74): warning C4244: 'argument': conversion from 'int' to 'float', possible loss of data
C:\Users\breno\Documents\SoccerOpenRCJ\Software\OOP\Version 2\Soccer_Simulation_v2\Classes\Robot.cpp(2130,55): warning C4244: 'argument': conversion from 'int' to 'float', possible loss of data
C:\Users\breno\Documents\SoccerOpenRCJ\Software\OOP\Version 2\Soccer_Simulation_v2\Classes\Robot.cpp(2130,43): warning C4244: 'argument': conversion from 'int' to 'float', possible loss of data
C:\Users\breno\Documents\SoccerOpenRCJ\Software\OOP\Version 2\Soccer_Simulation_v2\Classes\Robot.cpp(2141,73): warning C4244: 'argument': conversion from 'int' to 'float', possible loss of data
C:\Users\breno\Documents\SoccerOpenRCJ\Software\OOP\Version 2\Soccer_Simulation_v2\Classes\Robot.cpp(2141,54): warning C4244: 'argument': conversion from 'int' to 'float', possible loss of data
C:\Users\breno\Documents\SoccerOpenRCJ\Software\OOP\Version 2\Soccer_Simulation_v2\Classes\Robot.cpp(2141,42): warning C4244: 'argument': conversion from 'int' to 'float', possible loss of data
C:\Users\breno\Documents\SoccerOpenRCJ\Software\OOP\Version 2\Soccer_Simulation_v2\Classes\Robot.cpp(2194,21): warning C4244: 'initializing': conversion from 'double' to 'float', possible loss of data
C:\Users\breno\Documents\SoccerOpenRCJ\Software\OOP\Version 2\Soccer_Simulation_v2\Classes\Robot.cpp(2197,29): warning C4244: '=': conversion from 'double' to 'float', possible loss of data
C:\Users\breno\Documents\SoccerOpenRCJ\Software\OOP\Version 2\Soccer_Simulation_v2\Classes\Robot.cpp(2201,21): warning C4244: 'initializing': conversion from 'double' to 'float', possible loss of data
C:\Users\breno\Documents\SoccerOpenRCJ\Software\OOP\Version 2\Soccer_Simulation_v2\Classes\Robot.cpp(2299,19): warning C4244: 'initializing': conversion from 'int' to 'float', possible loss of data
C:\Users\breno\Documents\SoccerOpenRCJ\Software\OOP\Version 2\Soccer_Simulation_v2\Classes\Robot.cpp(2305,20): warning C4244: 'initializing': conversion from 'int' to 'float', possible loss of data
C:\Users\breno\Documents\SoccerOpenRCJ\Software\OOP\Version 2\Soccer_Simulation_v2\Classes\Robot.cpp(2306,20): warning C4244: 'initializing': conversion from 'int' to 'float', possible loss of data
C:\Users\breno\Documents\SoccerOpenRCJ\Software\OOP\Version 2\Soccer_Simulation_v2\Classes\Robot.cpp(2332,11): warning C4244: 'initializing': conversion from 'double' to 'float', possible loss of data
C:\Users\breno\Documents\SoccerOpenRCJ\Software\OOP\Version 2\Soccer_Simulation_v2\Classes\Robot.cpp(2355,35): warning C4244: '=': conversion from 'double' to 'int', possible loss of data
C:\Users\breno\Documents\SoccerOpenRCJ\Software\OOP\Version 2\Soccer_Simulation_v2\Classes\Robot.cpp(2364,25): warning C4244: 'initializing': conversion from 'int' to 'float', possible loss of data
C:\Users\breno\Documents\SoccerOpenRCJ\Software\OOP\Version 2\Soccer_Simulation_v2\Classes\Robot.cpp(2365,25): warning C4244: 'initializing': conversion from 'double' to 'float', possible loss of data
C:\Users\breno\Documents\SoccerOpenRCJ\Software\OOP\Version 2\Soccer_Simulation_v2\Classes\Robot.cpp(2366,28): warning C4244: 'initializing': conversion from 'double' to 'float', possible loss of data
C:\Users\breno\Documents\SoccerOpenRCJ\Software\OOP\Version 2\Soccer_Simulation_v2\Classes\Robot.cpp(2372,19): warning C4244: 'initializing': conversion from 'double' to 'float', possible loss of data
C:\Users\breno\Documents\SoccerOpenRCJ\Software\OOP\Version 2\Soccer_Simulation_v2\Classes\Robot.cpp(2373,21): warning C4244: 'initializing': conversion from 'double' to 'int', possible loss of data
C:\Users\breno\Documents\SoccerOpenRCJ\Software\OOP\Version 2\Soccer_Simulation_v2\Classes\Robot.cpp(2374,21): warning C4244: 'initializing': conversion from 'double' to 'int', possible loss of data
C:\Users\breno\Documents\SoccerOpenRCJ\Software\OOP\Version 2\Soccer_Simulation_v2\Classes\Robot.cpp(2413,42): warning C4305: 'initializing': truncation from 'double' to 'float'
C:\Users\breno\Documents\SoccerOpenRCJ\Software\OOP\Version 2\Soccer_Simulation_v2\Classes\Robot.cpp(2532,17): warning C4244: 'initializing': conversion from 'double' to 'float', possible loss of data
C:\Users\breno\Documents\SoccerOpenRCJ\Software\OOP\Version 2\Soccer_Simulation_v2\Classes\Robot.cpp(2538,17): warning C4244: 'initializing': conversion from 'float' to 'int', possible loss of data
C:\Users\breno\Documents\SoccerOpenRCJ\Software\OOP\Version 2\Soccer_Simulation_v2\Classes\Robot.cpp(2539,17): warning C4244: 'initializing': conversion from 'float' to 'int', possible loss of data
C:\Users\breno\Documents\SoccerOpenRCJ\Software\OOP\Version 2\Soccer_Simulation_v2\Classes\Robot.cpp(2565,8): warning C4101: 'firstNumber180': unreferenced local variable
C:\Users\breno\Documents\SoccerOpenRCJ\Software\OOP\Version 2\Soccer_Simulation_v2\Classes\Robot.cpp(2566,8): warning C4101: 'secondNumber180': unreferenced local variable
C:\Users\breno\Documents\SoccerOpenRCJ\Software\OOP\Version 2\Soccer_Simulation_v2\Classes\Robot.cpp(2590,21): warning C4244: 'initializing': conversion from 'float' to 'int', possible loss of data
C:\Users\breno\Documents\SoccerOpenRCJ\Software\OOP\Version 2\Soccer_Simulation_v2\Classes\Robot.cpp(2616,22): warning C4244: 'initializing': conversion from 'double' to 'float', possible loss of data
C:\Users\breno\Documents\SoccerOpenRCJ\Software\OOP\Version 2\Soccer_Simulation_v2\Classes\Robot.cpp(2618,30): warning C4244: '=': conversion from 'float' to 'int', possible loss of data
C:\Users\breno\Documents\SoccerOpenRCJ\Software\OOP\Version 2\Soccer_Simulation_v2\Classes\Robot.cpp(2628,9): warning C4244: 'return': conversion from 'int' to 'float', possible loss of data
C:\Users\breno\Documents\SoccerOpenRCJ\Software\OOP\Version 2\Soccer_Simulation_v2\Classes\Robot.cpp(2632,16): warning C4244: 'initializing': conversion from 'double' to 'int', possible loss of data
C:\Users\breno\Documents\SoccerOpenRCJ\Software\OOP\Version 2\Soccer_Simulation_v2\Classes\Robot.cpp(2633,16): warning C4244: 'initializing': conversion from 'double' to 'int', possible loss of data
C:\Users\breno\Documents\SoccerOpenRCJ\Software\OOP\Version 2\Soccer_Simulation_v2\Classes\Robot.cpp(2634,13): warning C4244: 'return': conversion from 'double' to 'float', possible loss of data
C:\Users\breno\Documents\SoccerOpenRCJ\Software\OOP\Version 2\Soccer_Simulation_v2\Classes\Robot.cpp(2669,27): warning C4244: 'argument': conversion from 'double' to 'float', possible loss of data
C:\Users\breno\Documents\SoccerOpenRCJ\Software\OOP\Version 2\Soccer_Simulation_v2\Classes\Robot.cpp(2669,60): warning C4244: 'argument': conversion from 'double' to 'float', possible loss of data
C:\Users\breno\Documents\SoccerOpenRCJ\Software\OOP\Version 2\Soccer_Simulation_v2\Classes\Robot.cpp(2671,69): warning C4244: 'argument': conversion from 'double' to 'int', possible loss of data
C:\Users\breno\Documents\SoccerOpenRCJ\Software\OOP\Version 2\Soccer_Simulation_v2\Classes\Robot.cpp(2671,62): warning C4244: 'argument': conversion from 'double' to 'int', possible loss of data
C:\Users\breno\Documents\SoccerOpenRCJ\Software\OOP\Version 2\Soccer_Simulation_v2\Classes\Robot.cpp(2671,50): warning C4244: 'argument': conversion from 'float' to 'int', possible loss of data
C:\Users\breno\Documents\SoccerOpenRCJ\Software\OOP\Version 2\Soccer_Simulation_v2\Classes\Robot.cpp(2671,38): warning C4244: 'argument': conversion from 'float' to 'int', possible loss of data
C:\Users\breno\Documents\SoccerOpenRCJ\Software\OOP\Version 2\Soccer_Simulation_v2\Classes\Robot.cpp(2671,21): warning C4244: 'initializing': conversion from 'float' to 'int', possible loss of data
C:\Users\breno\Documents\SoccerOpenRCJ\Software\OOP\Version 2\Soccer_Simulation_v2\Classes\Robot.cpp(2672,17): warning C4244: 'argument': conversion from 'int' to 'float', possible loss of data
     Creating library C:\Users\breno\Documents\SoccerOpenRCJ\Software\OOP\Version 2\Soccer_Simulation_v2\x64\Release\Soccer_Simulation_v2.lib and object C:\Users\breno\Documents\SoccerOpenRCJ\Software\OOP\Version 2\Soccer_Simulation_v2\x64\Release\Soccer_Simulation_v2.exp
  Generating code
C:\Users\breno\Documents\SoccerOpenRCJ\Software\OOP\Version 2\Soccer_Simulation_v2\Classes\Robot.cpp(1236): warning C4715: 'Robot::generatePathArcThreePoints': not all control paths return a value
  121 of 789 functions (15.3%) were compiled, the rest were copied from previous compilation.
    0 functions were new in current compilation
    103 functions had inline decision re-evaluated but remain unchanged
  Finished generating code
  Soccer_Simulation_v2.vcxproj -> C:\Users\breno\Documents\SoccerOpenRCJ\Software\OOP\Version 2\Soccer_Simulation_v2\x64\Release\Soccer_Simulation_v2.exe
